[     203ms] [INFO] %cDownload the React DevTools for a better development experience: https://react.dev/link/react-devtools font-weight:bold @ http://localhost:5173/node_modules/.vite/deps/react-dom_client.js?v=12522abe:14340
[    3864ms] [WARNING] The resource https://use.typekit.net/af/ca4cba/0000000000000000775c55a1/31/l?primer=f592e0a4b9356877842506ce344308576437e4f677d7c9b78ca2162e6cad991a&fvd=n1&v=3 was preloaded using link preload but not used within a few seconds from the window's load event. Please make sure it has an appropriate `as` value and it is preloaded intentionally. @ http://localhost:5173/:0
[  105708ms] [WARNING] The resource https://use.typekit.net/af/ca4cba/0000000000000000775c55a1/31/l?primer=f592e0a4b9356877842506ce344308576437e4f677d7c9b78ca2162e6cad991a&fvd=n1&v=3 was preloaded using link preload but not used within a few seconds from the window's load event. Please make sure it has an appropriate `as` value and it is preloaded intentionally. @ http://localhost:5173/:0
[  119118ms] [WARNING] The resource https://use.typekit.net/af/ca4cba/0000000000000000775c55a1/31/l?primer=f592e0a4b9356877842506ce344308576437e4f677d7c9b78ca2162e6cad991a&fvd=n1&v=3 was preloaded using link preload but not used within a few seconds from the window's load event. Please make sure it has an appropriate `as` value and it is preloaded intentionally. @ http://localhost:5173/:0
[  148397ms] ReferenceError: clef is not defined
    at MusicCell (http://localhost:5173/src/components/MusicCell/MusicCell.jsx?t=1781633245059:689:13)
    at Object.react_stack_bottom_frame (http://localhost:5173/node_modules/.vite/deps/react-dom_client.js?v=12522abe:12871:12)
    at renderWithHooks (http://localhost:5173/node_modules/.vite/deps/react-dom_client.js?v=12522abe:4216:19)
    at updateFunctionComponent (http://localhost:5173/node_modules/.vite/deps/react-dom_client.js?v=12522abe:5572:16)
    at beginWork (http://localhost:5173/node_modules/.vite/deps/react-dom_client.js?v=12522abe:6143:20)
    at runWithFiberInDEV (http://localhost:5173/node_modules/.vite/deps/react-dom_client.js?v=12522abe:854:66)
    at performUnitOfWork (http://localhost:5173/node_modules/.vite/deps/react-dom_client.js?v=12522abe:8432:94)
    at workLoopSync (http://localhost:5173/node_modules/.vite/deps/react-dom_client.js?v=12522abe:8328:37)
    at renderRootSync (http://localhost:5173/node_modules/.vite/deps/react-dom_client.js?v=12522abe:8312:6)
    at performWorkOnRoot (http://localhost:5173/node_modules/.vite/deps/react-dom_client.js?v=12522abe:7997:27)
[  148397ms] [WARNING] %s

%s
 An error occurred in the <MusicCell> component. Consider adding an error boundary to your tree to customize error handling behavior.
Visit https://react.dev/link/error-boundaries to learn more about error boundaries. @ http://localhost:5173/node_modules/.vite/deps/react-dom_client.js?v=12522abe:5260
[  151374ms] [WARNING] The resource https://use.typekit.net/af/ca4cba/0000000000000000775c55a1/31/l?primer=f592e0a4b9356877842506ce344308576437e4f677d7c9b78ca2162e6cad991a&fvd=n1&v=3 was preloaded using link preload but not used within a few seconds from the window's load event. Please make sure it has an appropriate `as` value and it is preloaded intentionally. @ http://localhost:5173/:0
[  176047ms] [WARNING] The resource https://use.typekit.net/af/ca4cba/0000000000000000775c55a1/31/l?primer=f592e0a4b9356877842506ce344308576437e4f677d7c9b78ca2162e6cad991a&fvd=n1&v=3 was preloaded using link preload but not used within a few seconds from the window's load event. Please make sure it has an appropriate `as` value and it is preloaded intentionally. @ http://localhost:5173/:0
[  183448ms] [WARNING] The resource https://use.typekit.net/af/ca4cba/0000000000000000775c55a1/31/l?primer=f592e0a4b9356877842506ce344308576437e4f677d7c9b78ca2162e6cad991a&fvd=n1&v=3 was preloaded using link preload but not used within a few seconds from the window's load event. Please make sure it has an appropriate `as` value and it is preloaded intentionally. @ http://localhost:5173/:0
[  214186ms] [WARNING] The resource https://use.typekit.net/af/ca4cba/0000000000000000775c55a1/31/l?primer=f592e0a4b9356877842506ce344308576437e4f677d7c9b78ca2162e6cad991a&fvd=n1&v=3 was preloaded using link preload but not used within a few seconds from the window's load event. Please make sure it has an appropriate `as` value and it is preloaded intentionally. @ http://localhost:5173/:0
[  259075ms] [WARNING] The resource https://use.typekit.net/af/ca4cba/0000000000000000775c55a1/31/l?primer=f592e0a4b9356877842506ce344308576437e4f677d7c9b78ca2162e6cad991a&fvd=n1&v=3 was preloaded using link preload but not used within a few seconds from the window's load event. Please make sure it has an appropriate `as` value and it is preloaded intentionally. @ http://localhost:5173/:0
[  405100ms] [WARNING] The resource https://use.typekit.net/af/ca4cba/0000000000000000775c55a1/31/l?primer=f592e0a4b9356877842506ce344308576437e4f677d7c9b78ca2162e6cad991a&fvd=n1&v=3 was preloaded using link preload but not used within a few seconds from the window's load event. Please make sure it has an appropriate `as` value and it is preloaded intentionally. @ http://localhost:5173/:0
[  421888ms] [INFO] %cDownload the React DevTools for a better development experience: https://react.dev/link/react-devtools font-weight:bold @ http://localhost:5173/node_modules/.vite/deps/react-dom_client.js?v=12522abe:14340
[  422636ms] [INFO] Slow network is detected. See https://www.chromestatus.com/feature/5636954674692096 for more details. Fallback font will be used while loading: https://use.typekit.net/af/ca4cba/0000000000000000775c55a1/31/l?primer=f592e0a4b9356877842506ce344308576437e4f677d7c9b78ca2162e6cad991a&fvd=n1&v=3 @ http://localhost:5173/node_modules/.vite/deps/abcjs.js?v=12522abe:43502
[  425689ms] [WARNING] The resource https://use.typekit.net/af/ca4cba/0000000000000000775c55a1/31/l?primer=f592e0a4b9356877842506ce344308576437e4f677d7c9b78ca2162e6cad991a&fvd=n1&v=3 was preloaded using link preload but not used within a few seconds from the window's load event. Please make sure it has an appropriate `as` value and it is preloaded intentionally. @ http://localhost:5173/:0
[  437477ms] [WARNING] The resource https://use.typekit.net/af/ca4cba/0000000000000000775c55a1/31/l?primer=f592e0a4b9356877842506ce344308576437e4f677d7c9b78ca2162e6cad991a&fvd=n1&v=3 was preloaded using link preload but not used within a few seconds from the window's load event. Please make sure it has an appropriate `as` value and it is preloaded intentionally. @ http://localhost:5173/:0
[  458327ms] [WARNING] The resource https://use.typekit.net/af/ca4cba/0000000000000000775c55a1/31/l?primer=f592e0a4b9356877842506ce344308576437e4f677d7c9b78ca2162e6cad991a&fvd=n1&v=3 was preloaded using link preload but not used within a few seconds from the window's load event. Please make sure it has an appropriate `as` value and it is preloaded intentionally. @ http://localhost:5173/:0
[  467232ms] [WARNING] The resource https://use.typekit.net/af/ca4cba/0000000000000000775c55a1/31/l?primer=f592e0a4b9356877842506ce344308576437e4f677d7c9b78ca2162e6cad991a&fvd=n1&v=3 was preloaded using link preload but not used within a few seconds from the window's load event. Please make sure it has an appropriate `as` value and it is preloaded intentionally. @ http://localhost:5173/:0
[  505476ms] [WARNING] The resource https://use.typekit.net/af/ca4cba/0000000000000000775c55a1/31/l?primer=f592e0a4b9356877842506ce344308576437e4f677d7c9b78ca2162e6cad991a&fvd=n1&v=3 was preloaded using link preload but not used within a few seconds from the window's load event. Please make sure it has an appropriate `as` value and it is preloaded intentionally. @ http://localhost:5173/:0
[  536692ms] [WARNING] The resource https://use.typekit.net/af/ca4cba/0000000000000000775c55a1/31/l?primer=f592e0a4b9356877842506ce344308576437e4f677d7c9b78ca2162e6cad991a&fvd=n1&v=3 was preloaded using link preload but not used within a few seconds from the window's load event. Please make sure it has an appropriate `as` value and it is preloaded intentionally. @ http://localhost:5173/:0
[  649562ms] [WARNING] The resource https://use.typekit.net/af/ca4cba/0000000000000000775c55a1/31/l?primer=f592e0a4b9356877842506ce344308576437e4f677d7c9b78ca2162e6cad991a&fvd=n1&v=3 was preloaded using link preload but not used within a few seconds from the window's load event. Please make sure it has an appropriate `as` value and it is preloaded intentionally. @ http://localhost:5173/:0
[  668079ms] [WARNING] The resource https://use.typekit.net/af/ca4cba/0000000000000000775c55a1/31/l?primer=f592e0a4b9356877842506ce344308576437e4f677d7c9b78ca2162e6cad991a&fvd=n1&v=3 was preloaded using link preload but not used within a few seconds from the window's load event. Please make sure it has an appropriate `as` value and it is preloaded intentionally. @ http://localhost:5173/:0
[  724802ms] [WARNING] The resource https://use.typekit.net/af/ca4cba/0000000000000000775c55a1/31/l?primer=f592e0a4b9356877842506ce344308576437e4f677d7c9b78ca2162e6cad991a&fvd=n1&v=3 was preloaded using link preload but not used within a few seconds from the window's load event. Please make sure it has an appropriate `as` value and it is preloaded intentionally. @ http://localhost:5173/:0
[  731146ms] [WARNING] The resource https://use.typekit.net/af/ca4cba/0000000000000000775c55a1/31/l?primer=f592e0a4b9356877842506ce344308576437e4f677d7c9b78ca2162e6cad991a&fvd=n1&v=3 was preloaded using link preload but not used within a few seconds from the window's load event. Please make sure it has an appropriate `as` value and it is preloaded intentionally. @ http://localhost:5173/:0
[  739576ms] [WARNING] The resource https://use.typekit.net/af/ca4cba/0000000000000000775c55a1/31/l?primer=f592e0a4b9356877842506ce344308576437e4f677d7c9b78ca2162e6cad991a&fvd=n1&v=3 was preloaded using link preload but not used within a few seconds from the window's load event. Please make sure it has an appropriate `as` value and it is preloaded intentionally. @ http://localhost:5173/:0
[  774491ms] [WARNING] The resource https://use.typekit.net/af/ca4cba/0000000000000000775c55a1/31/l?primer=f592e0a4b9356877842506ce344308576437e4f677d7c9b78ca2162e6cad991a&fvd=n1&v=3 was preloaded using link preload but not used within a few seconds from the window's load event. Please make sure it has an appropriate `as` value and it is preloaded intentionally. @ http://localhost:5173/:0
[  785847ms] [WARNING] The resource https://use.typekit.net/af/ca4cba/0000000000000000775c55a1/31/l?primer=f592e0a4b9356877842506ce344308576437e4f677d7c9b78ca2162e6cad991a&fvd=n1&v=3 was preloaded using link preload but not used within a few seconds from the window's load event. Please make sure it has an appropriate `as` value and it is preloaded intentionally. @ http://localhost:5173/:0
[  792003ms] [WARNING] The resource https://use.typekit.net/af/ca4cba/0000000000000000775c55a1/31/l?primer=f592e0a4b9356877842506ce344308576437e4f677d7c9b78ca2162e6cad991a&fvd=n1&v=3 was preloaded using link preload but not used within a few seconds from the window's load event. Please make sure it has an appropriate `as` value and it is preloaded intentionally. @ http://localhost:5173/:0
[  798926ms] [WARNING] The resource https://use.typekit.net/af/ca4cba/0000000000000000775c55a1/31/l?primer=f592e0a4b9356877842506ce344308576437e4f677d7c9b78ca2162e6cad991a&fvd=n1&v=3 was preloaded using link preload but not used within a few seconds from the window's load event. Please make sure it has an appropriate `as` value and it is preloaded intentionally. @ http://localhost:5173/:0
[  808752ms] [WARNING] The resource https://use.typekit.net/af/ca4cba/0000000000000000775c55a1/31/l?primer=f592e0a4b9356877842506ce344308576437e4f677d7c9b78ca2162e6cad991a&fvd=n1&v=3 was preloaded using link preload but not used within a few seconds from the window's load event. Please make sure it has an appropriate `as` value and it is preloaded intentionally. @ http://localhost:5173/:0
[  816260ms] [WARNING] The resource https://use.typekit.net/af/ca4cba/0000000000000000775c55a1/31/l?primer=f592e0a4b9356877842506ce344308576437e4f677d7c9b78ca2162e6cad991a&fvd=n1&v=3 was preloaded using link preload but not used within a few seconds from the window's load event. Please make sure it has an appropriate `as` value and it is preloaded intentionally. @ http://localhost:5173/:0
[  828625ms] [WARNING] The resource https://use.typekit.net/af/ca4cba/0000000000000000775c55a1/31/l?primer=f592e0a4b9356877842506ce344308576437e4f677d7c9b78ca2162e6cad991a&fvd=n1&v=3 was preloaded using link preload but not used within a few seconds from the window's load event. Please make sure it has an appropriate `as` value and it is preloaded intentionally. @ http://localhost:5173/:0
[  860740ms] [WARNING] The resource https://use.typekit.net/af/ca4cba/0000000000000000775c55a1/31/l?primer=f592e0a4b9356877842506ce344308576437e4f677d7c9b78ca2162e6cad991a&fvd=n1&v=3 was preloaded using link preload but not used within a few seconds from the window's load event. Please make sure it has an appropriate `as` value and it is preloaded intentionally. @ http://localhost:5173/:0
